action: GLOB, msg: packaging
cwd: /home/rajvm/Desktop/my_github/MLOps/ML_model_deployment_using_mlflow
cmd: /home/rajvm/environments/ML_Flow_wine/bin/python3 setup.py sdist --formats=zip --dist-dir .tox/dist
running sdist
running egg_info
writing src.egg-info/PKG-INFO
writing dependency_links to src.egg-info/dependency_links.txt
writing top-level names to src.egg-info/top_level.txt
reading manifest file 'src.egg-info/SOURCES.txt'
writing manifest file 'src.egg-info/SOURCES.txt'
running check
creating src-1.0.0
creating src-1.0.0/src
creating src-1.0.0/src.egg-info
creating src-1.0.0/tests
copying files to src-1.0.0...
copying README.md -> src-1.0.0
copying setup.py -> src-1.0.0
copying src/__init__.py -> src-1.0.0/src
copying src/get_data.py -> src-1.0.0/src
copying src/load_data.py -> src-1.0.0/src
copying src/split_data.py -> src-1.0.0/src
copying src/train_and_evaluate.py -> src-1.0.0/src
copying src.egg-info/PKG-INFO -> src-1.0.0/src.egg-info
copying src.egg-info/SOURCES.txt -> src-1.0.0/src.egg-info
copying src.egg-info/dependency_links.txt -> src-1.0.0/src.egg-info
copying src.egg-info/top_level.txt -> src-1.0.0/src.egg-info
copying tests/__init__.py -> src-1.0.0/tests
copying tests/conftest.py -> src-1.0.0/tests
copying tests/test_config.py -> src-1.0.0/tests
Writing src-1.0.0/setup.cfg
creating '.tox/dist/src-1.0.0.zip' and adding 'src-1.0.0' to it
adding 'src-1.0.0'
adding 'src-1.0.0/src'
adding 'src-1.0.0/tests'
adding 'src-1.0.0/src.egg-info'
adding 'src-1.0.0/setup.py'
adding 'src-1.0.0/setup.cfg'
adding 'src-1.0.0/PKG-INFO'
adding 'src-1.0.0/README.md'
adding 'src-1.0.0/src/train_and_evaluate.py'
adding 'src-1.0.0/src/split_data.py'
adding 'src-1.0.0/src/load_data.py'
adding 'src-1.0.0/src/get_data.py'
adding 'src-1.0.0/src/__init__.py'
adding 'src-1.0.0/tests/conftest.py'
adding 'src-1.0.0/tests/test_config.py'
adding 'src-1.0.0/tests/__init__.py'
adding 'src-1.0.0/src.egg-info/dependency_links.txt'
adding 'src-1.0.0/src.egg-info/top_level.txt'
adding 'src-1.0.0/src.egg-info/PKG-INFO'
adding 'src-1.0.0/src.egg-info/SOURCES.txt'
removing 'src-1.0.0' (and everything under it)
/home/rajvm/environments/ML_Flow_wine/lib/python3.8/site-packages/setuptools/_distutils/dist.py:249: UserWarning: 'licence' distribution option is deprecated; use 'license'
  warnings.warn(msg)
